<?xml version="1.0" encoding="UTF-8"?>
<!-- Generated by org.testng.reporters.JUnitReportReporter -->
<testsuite hostname="thinkpad12g" failures="0" tests="1" name="JavaClassPackage.javaClass" time="2.049" errors="0" timestamp="2024-03-06T23:29:27 EET" skipped="0">
  <testcase classname="JavaClassPackage.javaClass" name="myfirstTest" time="2.049"/>
  <system-out/>
</testsuite> <!-- JavaClassPackage.javaClass -->
